e:\projects\sfml framework\spacewarredux\spacewarredux\spacewar\x64\release\vc143.pdb
e:\projects\sfml framework\spacewarredux\spacewarredux\spacewar\x64\release\spacewar.obj
e:\projects\sfml framework\spacewarredux\spacewarredux\spacewar\x64\release\gamestate.obj
e:\projects\sfml framework\spacewarredux\spacewarredux\spacewar\x64\release\sun.obj
e:\projects\sfml framework\spacewarredux\spacewarredux\spacewar\x64\release\ship.obj
e:\projects\sfml framework\spacewarredux\spacewarredux\spacewar\x64\release\powerpack.obj
e:\projects\sfml framework\spacewarredux\spacewarredux\spacewar\x64\release\playerstate.obj
e:\projects\sfml framework\spacewarredux\spacewarredux\spacewar\x64\release\playerhud.obj
e:\projects\sfml framework\spacewarredux\spacewarredux\spacewar\x64\release\planet.obj
e:\projects\sfml framework\spacewarredux\spacewarredux\spacewar\x64\release\physicssystem.obj
e:\projects\sfml framework\spacewarredux\spacewarredux\spacewar\x64\release\phasershots.obj
e:\projects\sfml framework\spacewarredux\spacewarredux\spacewar\x64\release\inputsystem.obj
e:\projects\sfml framework\spacewarredux\spacewarredux\spacewar\x64\release\icomponentregistry.obj
e:\projects\sfml framework\spacewarredux\spacewarredux\spacewar\x64\release\homingmissile.obj
e:\projects\sfml framework\spacewarredux\spacewarredux\spacewar\x64\release\gameobject.obj
e:\projects\sfml framework\spacewarredux\spacewarredux\spacewar\x64\release\game.obj
e:\projects\sfml framework\spacewarredux\spacewarredux\spacewar\x64\release\explosioneffect.obj
e:\projects\sfml framework\spacewarredux\spacewarredux\spacewar\x64\release\collisionsystem.obj
e:\projects\sfml framework\spacewarredux\spacewarredux\x64\release\spacewar.exe
e:\projects\sfml framework\spacewarredux\spacewarredux\x64\release\spacewar.pdb
e:\projects\sfml framework\spacewarredux\spacewarredux\spacewar\x64\release\spacewar.iobj
e:\projects\sfml framework\spacewarredux\spacewarredux\spacewar\x64\release\spacewar.ipdb
e:\projects\sfml framework\spacewarredux\spacewarredux\spacewar\x64\release\spacewar.tlog\cl.command.1.tlog
e:\projects\sfml framework\spacewarredux\spacewarredux\spacewar\x64\release\spacewar.tlog\cl.items.tlog
e:\projects\sfml framework\spacewarredux\spacewarredux\spacewar\x64\release\spacewar.tlog\cl.read.1.tlog
e:\projects\sfml framework\spacewarredux\spacewarredux\spacewar\x64\release\spacewar.tlog\cl.write.1.tlog
e:\projects\sfml framework\spacewarredux\spacewarredux\spacewar\x64\release\spacewar.tlog\link.command.1.tlog
e:\projects\sfml framework\spacewarredux\spacewarredux\spacewar\x64\release\spacewar.tlog\link.read.1.tlog
e:\projects\sfml framework\spacewarredux\spacewarredux\spacewar\x64\release\spacewar.tlog\link.write.1.tlog
