e:\projects\sfml framework\spacewarredux\spacewarredux\spacewar\x64\debug\vc143.pdb
e:\projects\sfml framework\spacewarredux\spacewarredux\spacewar\x64\debug\vc143.idb
e:\projects\sfml framework\spacewarredux\spacewarredux\spacewar\x64\debug\sun.obj
e:\projects\sfml framework\spacewarredux\spacewarredux\spacewar\x64\debug\spacewar.obj
e:\projects\sfml framework\spacewarredux\spacewarredux\spacewar\x64\debug\ship.obj
e:\projects\sfml framework\spacewarredux\spacewarredux\spacewar\x64\debug\powerpack.obj
e:\projects\sfml framework\spacewarredux\spacewarredux\spacewar\x64\debug\playerstate.obj
e:\projects\sfml framework\spacewarredux\spacewarredux\spacewar\x64\debug\playerhud.obj
e:\projects\sfml framework\spacewarredux\spacewarredux\spacewar\x64\debug\planet.obj
e:\projects\sfml framework\spacewarredux\spacewarredux\spacewar\x64\debug\physicssystem.obj
e:\projects\sfml framework\spacewarredux\spacewarredux\spacewar\x64\debug\phasershots.obj
e:\projects\sfml framework\spacewarredux\spacewarredux\spacewar\x64\debug\inputsystem.obj
e:\projects\sfml framework\spacewarredux\spacewarredux\spacewar\x64\debug\icomponentregistry.obj
e:\projects\sfml framework\spacewarredux\spacewarredux\spacewar\x64\debug\homingmissile.obj
e:\projects\sfml framework\spacewarredux\spacewarredux\spacewar\x64\debug\gamestate.obj
e:\projects\sfml framework\spacewarredux\spacewarredux\spacewar\x64\debug\gameobject.obj
e:\projects\sfml framework\spacewarredux\spacewarredux\spacewar\x64\debug\game.obj
e:\projects\sfml framework\spacewarredux\spacewarredux\spacewar\x64\debug\explosioneffect.obj
e:\projects\sfml framework\spacewarredux\spacewarredux\spacewar\x64\debug\collisionsystem.obj
e:\projects\sfml framework\spacewarredux\spacewarredux\spacewar\x64\debug\spacewar.ilk
e:\projects\sfml framework\spacewarredux\spacewarredux\x64\debug\spacewar.exe
e:\projects\sfml framework\spacewarredux\spacewarredux\x64\debug\spacewar.pdb
e:\projects\sfml framework\spacewarredux\spacewarredux\spacewar\x64\debug\spacewar.tlog\cl.command.1.tlog
e:\projects\sfml framework\spacewarredux\spacewarredux\spacewar\x64\debug\spacewar.tlog\cl.items.tlog
e:\projects\sfml framework\spacewarredux\spacewarredux\spacewar\x64\debug\spacewar.tlog\cl.read.1.tlog
e:\projects\sfml framework\spacewarredux\spacewarredux\spacewar\x64\debug\spacewar.tlog\cl.write.1.tlog
e:\projects\sfml framework\spacewarredux\spacewarredux\spacewar\x64\debug\spacewar.tlog\link.command.1.tlog
e:\projects\sfml framework\spacewarredux\spacewarredux\spacewar\x64\debug\spacewar.tlog\link.read.1.tlog
e:\projects\sfml framework\spacewarredux\spacewarredux\spacewar\x64\debug\spacewar.tlog\link.write.1.tlog
